2017-11-12 22:09:49,116 [Worker-1] INFO  c.g.t.t.d.PublishedGradleVersions - Gradle version information cache is up-to-date. Trying to read.
2017-11-15 22:06:01,403 [Worker-2] INFO  c.g.t.t.d.PublishedGradleVersions - Gradle version information cache is out-of-date. Trying to update.
2017-11-16 09:57:28,527 [Worker-9] INFO  c.g.t.t.d.PublishedGradleVersions - Gradle version information cache is up-to-date. Trying to read.
2017-11-18 10:17:54,745 [Worker-0] INFO  c.g.t.t.d.PublishedGradleVersions - Gradle version information cache is out-of-date. Trying to update.
2017-11-19 18:36:09,862 [Worker-0] INFO  c.g.t.t.d.PublishedGradleVersions - Gradle version information cache is out-of-date. Trying to update.
2017-11-19 19:28:18,937 [Worker-0] INFO  c.g.t.t.d.PublishedGradleVersions - Gradle version information cache is up-to-date. Trying to read.
2017-11-21 18:02:40,529 [Worker-2] INFO  c.g.t.t.d.PublishedGradleVersions - Gradle version information cache is out-of-date. Trying to update.
2017-11-25 17:22:23,696 [Worker-0] INFO  c.g.t.t.d.PublishedGradleVersions - Gradle version information cache is out-of-date. Trying to update.
2017-11-27 10:29:30,368 [Worker-1] INFO  c.g.t.t.d.PublishedGradleVersions - Gradle version information cache is out-of-date. Trying to update.
2017-11-27 11:47:40,268 [Worker-1] INFO  c.g.t.t.d.PublishedGradleVersions - Gradle version information cache is up-to-date. Trying to read.
2017-11-27 22:49:41,270 [Worker-2] INFO  c.g.t.t.d.PublishedGradleVersions - Gradle version information cache is up-to-date. Trying to read.
2017-11-28 07:30:20,793 [Worker-2] INFO  c.g.t.t.d.PublishedGradleVersions - Gradle version information cache is up-to-date. Trying to read.
2017-11-28 10:31:09,083 [Worker-0] INFO  c.g.t.t.d.PublishedGradleVersions - Gradle version information cache is out-of-date. Trying to update.
2017-11-29 10:59:26,969 [Worker-2] INFO  c.g.t.t.d.PublishedGradleVersions - Gradle version information cache is out-of-date. Trying to update.
2017-11-30 11:13:35,674 [Worker-2] INFO  c.g.t.t.d.PublishedGradleVersions - Gradle version information cache is out-of-date. Trying to update.
2017-12-07 10:56:07,623 [Worker-2] INFO  c.g.t.t.d.PublishedGradleVersions - Gradle version information cache is out-of-date. Trying to update.
2017-12-10 13:10:34,286 [Worker-1] INFO  c.g.t.t.d.PublishedGradleVersions - Gradle version information cache is out-of-date. Trying to update.
2017-12-13 17:28:16,602 [Worker-0] INFO  c.g.t.t.d.PublishedGradleVersions - Gradle version information cache is out-of-date. Trying to update.
2017-12-16 15:56:49,835 [Worker-3] INFO  c.g.t.t.d.PublishedGradleVersions - Gradle version information cache is out-of-date. Trying to update.
2017-12-24 16:15:07,817 [Worker-1] INFO  c.g.t.t.d.PublishedGradleVersions - Gradle version information cache is out-of-date. Trying to update.
2018-01-08 09:47:40,368 [Worker-1] INFO  c.g.t.t.d.PublishedGradleVersions - Gradle version information cache is out-of-date. Trying to update.
2018-01-08 09:51:00,425 [Worker-0] INFO  c.g.t.t.d.PublishedGradleVersions - Gradle version information cache is up-to-date. Trying to read.
2018-01-08 10:10:34,974 [Worker-2] INFO  c.g.t.t.d.PublishedGradleVersions - Gradle version information cache is up-to-date. Trying to read.
2018-01-08 10:39:01,739 [Worker-1] INFO  c.g.t.t.d.PublishedGradleVersions - Gradle version information cache is up-to-date. Trying to read.
2018-01-08 10:57:53,783 [Worker-1] INFO  c.g.t.t.d.PublishedGradleVersions - Gradle version information cache is up-to-date. Trying to read.
2018-01-17 11:01:32,413 [Worker-1] INFO  c.g.t.t.d.PublishedGradleVersions - Gradle version information cache is out-of-date. Trying to update.
2018-01-18 01:17:39,942 [Worker-3] INFO  c.g.t.t.d.PublishedGradleVersions - Gradle version information cache is up-to-date. Trying to read.
2018-01-18 10:25:58,625 [Worker-2] INFO  c.g.t.t.d.PublishedGradleVersions - Gradle version information cache is up-to-date. Trying to read.
2018-01-18 10:29:14,471 [Worker-0] INFO  c.g.t.t.d.PublishedGradleVersions - Gradle version information cache is up-to-date. Trying to read.
2018-01-18 10:50:32,426 [Worker-0] INFO  c.g.t.t.d.PublishedGradleVersions - Gradle version information cache is up-to-date. Trying to read.
2018-01-18 11:02:47,893 [Worker-3] INFO  c.g.t.t.d.PublishedGradleVersions - Gradle version information cache is out-of-date. Trying to update.
2018-01-19 10:24:32,716 [Worker-1] INFO  c.g.t.t.d.PublishedGradleVersions - Gradle version information cache is up-to-date. Trying to read.
2018-01-29 11:02:15,847 [Worker-1] INFO  c.g.t.t.d.PublishedGradleVersions - Gradle version information cache is out-of-date. Trying to update.
2018-01-29 12:27:36,280 [Worker-1] INFO  c.g.t.t.d.PublishedGradleVersions - Gradle version information cache is up-to-date. Trying to read.
2018-01-29 21:19:22,164 [Worker-0] INFO  c.g.t.t.d.PublishedGradleVersions - Gradle version information cache is up-to-date. Trying to read.
2018-01-31 10:50:26,900 [Worker-3] INFO  c.g.t.t.d.PublishedGradleVersions - Gradle version information cache is out-of-date. Trying to update.
2018-01-31 20:53:53,697 [Worker-1] INFO  c.g.t.t.d.PublishedGradleVersions - Gradle version information cache is up-to-date. Trying to read.
2018-01-31 23:49:49,922 [Worker-0] INFO  c.g.t.t.d.PublishedGradleVersions - Gradle version information cache is up-to-date. Trying to read.
2018-02-01 09:53:32,599 [Worker-0] INFO  c.g.t.t.d.PublishedGradleVersions - Gradle version information cache is up-to-date. Trying to read.
2018-02-02 22:32:03,000 [Worker-22] INFO  c.g.t.t.d.PublishedGradleVersions - Gradle version information cache is out-of-date. Trying to update.
2018-02-05 20:24:56,849 [Worker-2] INFO  c.g.t.t.d.PublishedGradleVersions - Gradle version information cache is out-of-date. Trying to update.
2018-02-06 20:55:08,278 [Worker-3] INFO  c.g.t.t.d.PublishedGradleVersions - Gradle version information cache is out-of-date. Trying to update.
2018-02-07 11:08:07,914 [Worker-2] INFO  c.g.t.t.d.PublishedGradleVersions - Gradle version information cache is up-to-date. Trying to read.
2018-02-07 19:40:19,018 [Worker-0] INFO  c.g.t.t.d.PublishedGradleVersions - Gradle version information cache is up-to-date. Trying to read.
2018-02-08 11:05:45,129 [Worker-2] INFO  c.g.t.t.d.PublishedGradleVersions - Gradle version information cache is out-of-date. Trying to update.
2018-02-12 10:40:49,675 [Worker-2] INFO  c.g.t.t.d.PublishedGradleVersions - Gradle version information cache is out-of-date. Trying to update.
2018-02-12 11:03:40,875 [Worker-23] ERROR org.eclipse.jgit.util.FS - Caught exception in FS.readPipe()
java.io.IOException: Cannot run program "git": CreateProcess error=2, The system cannot find the file specified
	at java.lang.ProcessBuilder.start(Unknown Source) ~[na:1.8.0_144]
	at org.eclipse.jgit.util.FS.readPipe(FS.java:491) [org.eclipse.jgit_4.4.0.201606070830-r.jar:4.4.0.201606070830-r]
	at org.eclipse.jgit.util.FS.readPipe(FS.java:459) [org.eclipse.jgit_4.4.0.201606070830-r.jar:4.4.0.201606070830-r]
	at org.eclipse.jgit.util.FS.discoverGitSystemConfig(FS.java:592) [org.eclipse.jgit_4.4.0.201606070830-r.jar:4.4.0.201606070830-r]
	at org.eclipse.jgit.util.FS.getGitSystemConfig(FS.java:621) [org.eclipse.jgit_4.4.0.201606070830-r.jar:4.4.0.201606070830-r]
	at org.eclipse.jgit.util.SystemReader$Default.openSystemConfig(SystemReader.java:97) [org.eclipse.jgit_4.4.0.201606070830-r.jar:4.4.0.201606070830-r]
	at org.eclipse.jgit.internal.storage.file.FileRepository.<init>(FileRepository.java:176) [org.eclipse.jgit_4.4.0.201606070830-r.jar:4.4.0.201606070830-r]
	at org.eclipse.jgit.lib.BaseRepositoryBuilder.build(BaseRepositoryBuilder.java:580) [org.eclipse.jgit_4.4.0.201606070830-r.jar:4.4.0.201606070830-r]
	at org.eclipse.jgit.api.InitCommand.call(InitCommand.java:113) [org.eclipse.jgit_4.4.0.201606070830-r.jar:4.4.0.201606070830-r]
	at org.eclipse.recommenders.snipmatch.GitSnippetRepository.initializeSnippetsRepo(GitSnippetRepository.java:179) [org.eclipse.recommenders.snipmatch_2.4.0.v20160607-1609.jar:na]
	at org.eclipse.recommenders.snipmatch.GitSnippetRepository.open(GitSnippetRepository.java:87) [org.eclipse.recommenders.snipmatch_2.4.0.v20160607-1609.jar:na]
	at org.eclipse.recommenders.internal.snipmatch.rcp.EclipseGitSnippetRepository$2.run(EclipseGitSnippetRepository.java:165) [org.eclipse.recommenders.snipmatch.rcp_2.4.0.v20160607-1609.jar:na]
	at org.eclipse.core.internal.jobs.Worker.run(Worker.java:55) [org.eclipse.core.jobs_3.8.0.v20160509-0411.jar:na]
Caused by: java.io.IOException: CreateProcess error=2, The system cannot find the file specified
	at java.lang.ProcessImpl.create(Native Method) ~[na:1.8.0_144]
	at java.lang.ProcessImpl.<init>(Unknown Source) ~[na:1.8.0_144]
	at java.lang.ProcessImpl.start(Unknown Source) ~[na:1.8.0_144]
	... 13 common frames omitted
2018-02-12 11:03:40,923 [Worker-23] ERROR org.eclipse.jgit.util.FS - Caught exception in FS.readPipe()
java.io.IOException: Cannot run program "git": CreateProcess error=2, The system cannot find the file specified
	at java.lang.ProcessBuilder.start(Unknown Source) ~[na:1.8.0_144]
	at org.eclipse.jgit.util.FS.readPipe(FS.java:491) [org.eclipse.jgit_4.4.0.201606070830-r.jar:4.4.0.201606070830-r]
	at org.eclipse.jgit.util.FS.discoverGitSystemConfig(FS.java:604) [org.eclipse.jgit_4.4.0.201606070830-r.jar:4.4.0.201606070830-r]
	at org.eclipse.jgit.util.FS.getGitSystemConfig(FS.java:621) [org.eclipse.jgit_4.4.0.201606070830-r.jar:4.4.0.201606070830-r]
	at org.eclipse.jgit.util.SystemReader$Default.openSystemConfig(SystemReader.java:97) [org.eclipse.jgit_4.4.0.201606070830-r.jar:4.4.0.201606070830-r]
	at org.eclipse.jgit.internal.storage.file.FileRepository.<init>(FileRepository.java:176) [org.eclipse.jgit_4.4.0.201606070830-r.jar:4.4.0.201606070830-r]
	at org.eclipse.jgit.lib.BaseRepositoryBuilder.build(BaseRepositoryBuilder.java:580) [org.eclipse.jgit_4.4.0.201606070830-r.jar:4.4.0.201606070830-r]
	at org.eclipse.jgit.api.InitCommand.call(InitCommand.java:113) [org.eclipse.jgit_4.4.0.201606070830-r.jar:4.4.0.201606070830-r]
	at org.eclipse.recommenders.snipmatch.GitSnippetRepository.initializeSnippetsRepo(GitSnippetRepository.java:179) [org.eclipse.recommenders.snipmatch_2.4.0.v20160607-1609.jar:na]
	at org.eclipse.recommenders.snipmatch.GitSnippetRepository.open(GitSnippetRepository.java:87) [org.eclipse.recommenders.snipmatch_2.4.0.v20160607-1609.jar:na]
	at org.eclipse.recommenders.internal.snipmatch.rcp.EclipseGitSnippetRepository$2.run(EclipseGitSnippetRepository.java:165) [org.eclipse.recommenders.snipmatch.rcp_2.4.0.v20160607-1609.jar:na]
	at org.eclipse.core.internal.jobs.Worker.run(Worker.java:55) [org.eclipse.core.jobs_3.8.0.v20160509-0411.jar:na]
Caused by: java.io.IOException: CreateProcess error=2, The system cannot find the file specified
	at java.lang.ProcessImpl.create(Native Method) ~[na:1.8.0_144]
	at java.lang.ProcessImpl.<init>(Unknown Source) ~[na:1.8.0_144]
	at java.lang.ProcessImpl.start(Unknown Source) ~[na:1.8.0_144]
	... 12 common frames omitted
2018-02-12 12:43:34,869 [Worker-2] INFO  c.g.t.t.d.PublishedGradleVersions - Gradle version information cache is up-to-date. Trying to read.
2018-02-12 12:49:20,402 [Worker-3] INFO  c.g.t.t.d.PublishedGradleVersions - Gradle version information cache is up-to-date. Trying to read.
2018-02-12 13:14:46,953 [Worker-0] INFO  c.g.t.t.d.PublishedGradleVersions - Gradle version information cache is up-to-date. Trying to read.
2018-02-13 02:12:56,200 [Worker-0] INFO  c.g.t.t.d.PublishedGradleVersions - Gradle version information cache is up-to-date. Trying to read.
2018-02-13 11:00:19,949 [Worker-2] INFO  c.g.t.t.d.PublishedGradleVersions - Gradle version information cache is out-of-date. Trying to update.
2018-02-13 11:05:16,138 [Worker-1] INFO  c.g.t.t.d.PublishedGradleVersions - Gradle version information cache is up-to-date. Trying to read.
2018-02-15 11:03:59,465 [Worker-1] INFO  c.g.t.t.d.PublishedGradleVersions - Gradle version information cache is out-of-date. Trying to update.
2018-02-16 15:10:17,471 [Worker-0] INFO  c.g.t.t.d.PublishedGradleVersions - Gradle version information cache is out-of-date. Trying to update.
2018-02-18 11:52:27,881 [Worker-3] INFO  c.g.t.t.d.PublishedGradleVersions - Gradle version information cache is out-of-date. Trying to update.
2018-02-18 14:58:31,494 [Worker-3] INFO  c.g.t.t.d.PublishedGradleVersions - Gradle version information cache is up-to-date. Trying to read.
2018-02-20 10:27:12,651 [Worker-1] INFO  c.g.t.t.d.PublishedGradleVersions - Gradle version information cache is out-of-date. Trying to update.
2018-02-20 13:24:37,028 [Worker-1] INFO  c.g.t.t.d.PublishedGradleVersions - Gradle version information cache is up-to-date. Trying to read.
2018-02-20 21:36:04,349 [Worker-1] INFO  c.g.t.t.d.PublishedGradleVersions - Gradle version information cache is up-to-date. Trying to read.
2018-02-22 10:09:40,030 [Worker-1] INFO  c.g.t.t.d.PublishedGradleVersions - Gradle version information cache is out-of-date. Trying to update.
2018-02-23 10:38:00,630 [Worker-2] INFO  c.g.t.t.d.PublishedGradleVersions - Gradle version information cache is out-of-date. Trying to update.
2018-02-23 13:04:10,021 [Worker-2] INFO  c.g.t.t.d.PublishedGradleVersions - Gradle version information cache is up-to-date. Trying to read.
2018-02-23 19:40:35,249 [Worker-0] INFO  c.g.t.t.d.PublishedGradleVersions - Gradle version information cache is up-to-date. Trying to read.
2018-02-26 10:28:10,769 [Worker-1] INFO  c.g.t.t.d.PublishedGradleVersions - Gradle version information cache is out-of-date. Trying to update.
2018-02-27 10:29:39,842 [Worker-2] INFO  c.g.t.t.d.PublishedGradleVersions - Gradle version information cache is out-of-date. Trying to update.
2018-02-27 10:29:40,115 [Worker-2] INFO  c.g.t.t.d.PublishedGradleVersions - Updating Gradle version information cache failed. Using outdated cache.
2018-02-28 11:01:08,392 [Worker-2] INFO  c.g.t.t.d.PublishedGradleVersions - Gradle version information cache is out-of-date. Trying to update.
2018-03-01 11:09:55,742 [Worker-1] INFO  c.g.t.t.d.PublishedGradleVersions - Gradle version information cache is out-of-date. Trying to update.
2018-03-01 12:40:09,580 [Worker-0] INFO  c.g.t.t.d.PublishedGradleVersions - Gradle version information cache is up-to-date. Trying to read.
2018-03-01 20:31:42,541 [Worker-2] INFO  c.g.t.t.d.PublishedGradleVersions - Gradle version information cache is up-to-date. Trying to read.
2018-03-02 10:08:22,991 [Worker-1] INFO  c.g.t.t.d.PublishedGradleVersions - Gradle version information cache is up-to-date. Trying to read.
2018-03-02 22:19:35,529 [Worker-1] INFO  c.g.t.t.d.PublishedGradleVersions - Gradle version information cache is out-of-date. Trying to update.
2018-03-03 13:51:59,765 [Worker-0] INFO  c.g.t.t.d.PublishedGradleVersions - Gradle version information cache is up-to-date. Trying to read.
2018-03-04 14:47:36,348 [Worker-1] INFO  c.g.t.t.d.PublishedGradleVersions - Gradle version information cache is out-of-date. Trying to update.
2018-03-04 21:40:32,945 [Worker-6] INFO  c.g.t.t.d.PublishedGradleVersions - Gradle version information cache is up-to-date. Trying to read.
2018-03-05 10:45:25,218 [Worker-1] INFO  c.g.t.t.d.PublishedGradleVersions - Gradle version information cache is up-to-date. Trying to read.
2018-03-05 21:12:53,505 [Worker-1] INFO  c.g.t.t.d.PublishedGradleVersions - Gradle version information cache is out-of-date. Trying to update.
2018-03-06 00:46:56,155 [Worker-2] INFO  c.g.t.t.d.PublishedGradleVersions - Gradle version information cache is up-to-date. Trying to read.
2018-03-06 10:01:44,559 [Worker-0] INFO  c.g.t.t.d.PublishedGradleVersions - Gradle version information cache is up-to-date. Trying to read.
2018-03-06 10:38:16,307 [Worker-0] INFO  c.g.t.t.d.PublishedGradleVersions - Gradle version information cache is up-to-date. Trying to read.
2018-03-06 11:13:13,420 [Worker-0] INFO  c.g.t.t.d.PublishedGradleVersions - Gradle version information cache is up-to-date. Trying to read.
2018-03-06 12:49:46,198 [Worker-3] INFO  c.g.t.t.d.PublishedGradleVersions - Gradle version information cache is up-to-date. Trying to read.
2018-03-06 13:32:04,747 [Worker-0] INFO  c.g.t.t.d.PublishedGradleVersions - Gradle version information cache is up-to-date. Trying to read.
2018-03-06 15:38:36,552 [Worker-0] INFO  c.g.t.t.d.PublishedGradleVersions - Gradle version information cache is up-to-date. Trying to read.
2018-03-07 10:54:18,798 [Worker-1] INFO  c.g.t.t.d.PublishedGradleVersions - Gradle version information cache is out-of-date. Trying to update.
2018-03-07 11:31:45,240 [Worker-1] INFO  c.g.t.t.d.PublishedGradleVersions - Gradle version information cache is up-to-date. Trying to read.
2018-03-08 10:50:24,477 [Worker-1] INFO  c.g.t.t.d.PublishedGradleVersions - Gradle version information cache is up-to-date. Trying to read.
2018-03-08 21:14:27,380 [Worker-0] INFO  c.g.t.t.d.PublishedGradleVersions - Gradle version information cache is out-of-date. Trying to update.
2018-03-09 21:46:33,187 [Worker-2] INFO  c.g.t.t.d.PublishedGradleVersions - Gradle version information cache is out-of-date. Trying to update.
2018-03-12 10:19:24,241 [Worker-0] INFO  c.g.t.t.d.PublishedGradleVersions - Gradle version information cache is out-of-date. Trying to update.
2018-03-20 19:40:15,986 [Worker-2] INFO  c.g.t.t.d.PublishedGradleVersions - Gradle version information cache is out-of-date. Trying to update.
2018-04-14 17:47:31,370 [Worker-1] INFO  c.g.t.t.d.PublishedGradleVersions - Gradle version information cache is out-of-date. Trying to update.
2018-04-16 10:24:13,973 [Worker-3] INFO  c.g.t.t.d.PublishedGradleVersions - Gradle version information cache is out-of-date. Trying to update.
2018-04-16 10:43:08,962 [Worker-1] INFO  c.g.t.t.d.PublishedGradleVersions - Gradle version information cache is up-to-date. Trying to read.
2018-04-18 22:01:38,401 [Worker-0] INFO  c.g.t.t.d.PublishedGradleVersions - Gradle version information cache is out-of-date. Trying to update.
2018-05-31 09:33:41,075 [Worker-2] INFO  c.g.t.t.d.PublishedGradleVersions - Gradle version information cache is out-of-date. Trying to update.
2018-05-31 14:31:06,227 [Worker-1] INFO  c.g.t.t.d.PublishedGradleVersions - Gradle version information cache is up-to-date. Trying to read.
2018-06-02 19:13:01,358 [Worker-3] INFO  c.g.t.t.d.PublishedGradleVersions - Gradle version information cache is out-of-date. Trying to update.
2018-06-02 19:19:16,663 [Worker-2] INFO  c.g.t.t.d.PublishedGradleVersions - Gradle version information cache is up-to-date. Trying to read.
2018-06-02 21:36:26,236 [Worker-2] INFO  c.g.t.t.d.PublishedGradleVersions - Gradle version information cache is up-to-date. Trying to read.
2018-09-19 23:33:38,745 [Worker-0] INFO  c.g.t.t.d.PublishedGradleVersions - Gradle version information cache is out-of-date. Trying to update.
2018-09-19 23:33:41,027 [Worker-1] ERROR org.eclipse.jgit.util.FS - Caught exception in FS.readPipe()
java.io.IOException: Cannot run program "git": CreateProcess error=2, The system cannot find the file specified
	at java.lang.ProcessBuilder.start(Unknown Source) ~[na:1.8.0_144]
	at org.eclipse.jgit.util.FS.readPipe(FS.java:491) [org.eclipse.jgit_4.4.0.201606070830-r.jar:4.4.0.201606070830-r]
	at org.eclipse.jgit.util.FS.readPipe(FS.java:459) [org.eclipse.jgit_4.4.0.201606070830-r.jar:4.4.0.201606070830-r]
	at org.eclipse.jgit.util.FS.discoverGitSystemConfig(FS.java:592) [org.eclipse.jgit_4.4.0.201606070830-r.jar:4.4.0.201606070830-r]
	at org.eclipse.jgit.util.FS.getGitSystemConfig(FS.java:621) [org.eclipse.jgit_4.4.0.201606070830-r.jar:4.4.0.201606070830-r]
	at org.eclipse.jgit.util.SystemReader$Default.openSystemConfig(SystemReader.java:97) [org.eclipse.jgit_4.4.0.201606070830-r.jar:4.4.0.201606070830-r]
	at org.eclipse.jgit.internal.storage.file.FileRepository.<init>(FileRepository.java:176) [org.eclipse.jgit_4.4.0.201606070830-r.jar:4.4.0.201606070830-r]
	at org.eclipse.jgit.storage.file.FileRepositoryBuilder.build(FileRepositoryBuilder.java:92) [org.eclipse.jgit_4.4.0.201606070830-r.jar:4.4.0.201606070830-r]
	at org.eclipse.jgit.storage.file.FileRepositoryBuilder.create(FileRepositoryBuilder.java:111) [org.eclipse.jgit_4.4.0.201606070830-r.jar:4.4.0.201606070830-r]
	at org.eclipse.egit.core.RepositoryCache.lookupRepository(RepositoryCache.java:57) [org.eclipse.egit.core_4.4.0.201606070830-r.jar:na]
	at org.eclipse.egit.core.project.GitProjectData.map(GitProjectData.java:689) [org.eclipse.egit.core_4.4.0.201606070830-r.jar:na]
	at org.eclipse.egit.core.project.GitProjectData.remapAll(GitProjectData.java:647) [org.eclipse.egit.core_4.4.0.201606070830-r.jar:na]
	at org.eclipse.egit.core.project.GitProjectData.load(GitProjectData.java:630) [org.eclipse.egit.core_4.4.0.201606070830-r.jar:na]
	at org.eclipse.egit.core.project.GitProjectData.get(GitProjectData.java:218) [org.eclipse.egit.core_4.4.0.201606070830-r.jar:na]
	at org.eclipse.egit.core.project.RepositoryMapping.getProjectData(RepositoryMapping.java:356) [org.eclipse.egit.core_4.4.0.201606070830-r.jar:na]
	at org.eclipse.egit.core.project.RepositoryMapping.findMapping(RepositoryMapping.java:377) [org.eclipse.egit.core_4.4.0.201606070830-r.jar:na]
	at org.eclipse.egit.core.project.RepositoryMapping.getMapping(RepositoryMapping.java:317) [org.eclipse.egit.core_4.4.0.201606070830-r.jar:na]
	at org.eclipse.egit.core.internal.util.ResourceUtil.getRepository(ResourceUtil.java:702) [org.eclipse.egit.core_4.4.0.201606070830-r.jar:na]
	at org.eclipse.egit.ui.internal.resources.ResourceStateFactory.getIndexDiffDataOrNull(ResourceStateFactory.java:89) [org.eclipse.egit.ui_4.4.0.201606070830-r.jar:na]
	at org.eclipse.egit.ui.internal.decorators.GitLightweightDecorator.decorateResource(GitLightweightDecorator.java:224) [org.eclipse.egit.ui_4.4.0.201606070830-r.jar:na]
	at org.eclipse.egit.ui.internal.decorators.GitLightweightDecorator.decorate(GitLightweightDecorator.java:201) [org.eclipse.egit.ui_4.4.0.201606070830-r.jar:na]
	at org.eclipse.ui.internal.decorators.LightweightDecoratorDefinition.decorate(LightweightDecoratorDefinition.java:254) [org.eclipse.ui.workbench_3.108.0.v20160602-1232.jar:na]
	at org.eclipse.ui.internal.decorators.LightweightDecoratorManager$LightweightRunnable.run(LightweightDecoratorManager.java:83) [org.eclipse.ui.workbench_3.108.0.v20160602-1232.jar:na]
	at org.eclipse.core.runtime.SafeRunner.run(SafeRunner.java:42) [org.eclipse.equinox.common_3.8.0.v20160509-1230.jar:na]
	at org.eclipse.ui.internal.decorators.LightweightDecoratorManager.decorate(LightweightDecoratorManager.java:367) [org.eclipse.ui.workbench_3.108.0.v20160602-1232.jar:na]
	at org.eclipse.ui.internal.decorators.LightweightDecoratorManager.getDecorations(LightweightDecoratorManager.java:349) [org.eclipse.ui.workbench_3.108.0.v20160602-1232.jar:na]
	at org.eclipse.ui.internal.decorators.DecorationScheduler$1.ensureResultCached(DecorationScheduler.java:367) [org.eclipse.ui.workbench_3.108.0.v20160602-1232.jar:na]
	at org.eclipse.ui.internal.decorators.DecorationScheduler$1.run(DecorationScheduler.java:327) [org.eclipse.ui.workbench_3.108.0.v20160602-1232.jar:na]
	at org.eclipse.core.internal.jobs.Worker.run(Worker.java:55) [org.eclipse.core.jobs_3.8.0.v20160509-0411.jar:na]
Caused by: java.io.IOException: CreateProcess error=2, The system cannot find the file specified
	at java.lang.ProcessImpl.create(Native Method) ~[na:1.8.0_144]
	at java.lang.ProcessImpl.<init>(Unknown Source) ~[na:1.8.0_144]
	at java.lang.ProcessImpl.start(Unknown Source) ~[na:1.8.0_144]
	... 29 common frames omitted
2018-09-19 23:33:41,200 [Worker-1] ERROR org.eclipse.jgit.util.FS - Caught exception in FS.readPipe()
java.io.IOException: Cannot run program "git": CreateProcess error=2, The system cannot find the file specified
	at java.lang.ProcessBuilder.start(Unknown Source) ~[na:1.8.0_144]
	at org.eclipse.jgit.util.FS.readPipe(FS.java:491) [org.eclipse.jgit_4.4.0.201606070830-r.jar:4.4.0.201606070830-r]
	at org.eclipse.jgit.util.FS.discoverGitSystemConfig(FS.java:604) [org.eclipse.jgit_4.4.0.201606070830-r.jar:4.4.0.201606070830-r]
	at org.eclipse.jgit.util.FS.getGitSystemConfig(FS.java:621) [org.eclipse.jgit_4.4.0.201606070830-r.jar:4.4.0.201606070830-r]
	at org.eclipse.jgit.util.SystemReader$Default.openSystemConfig(SystemReader.java:97) [org.eclipse.jgit_4.4.0.201606070830-r.jar:4.4.0.201606070830-r]
	at org.eclipse.jgit.internal.storage.file.FileRepository.<init>(FileRepository.java:176) [org.eclipse.jgit_4.4.0.201606070830-r.jar:4.4.0.201606070830-r]
	at org.eclipse.jgit.storage.file.FileRepositoryBuilder.build(FileRepositoryBuilder.java:92) [org.eclipse.jgit_4.4.0.201606070830-r.jar:4.4.0.201606070830-r]
	at org.eclipse.jgit.storage.file.FileRepositoryBuilder.create(FileRepositoryBuilder.java:111) [org.eclipse.jgit_4.4.0.201606070830-r.jar:4.4.0.201606070830-r]
	at org.eclipse.egit.core.RepositoryCache.lookupRepository(RepositoryCache.java:57) [org.eclipse.egit.core_4.4.0.201606070830-r.jar:na]
	at org.eclipse.egit.core.project.GitProjectData.map(GitProjectData.java:689) [org.eclipse.egit.core_4.4.0.201606070830-r.jar:na]
	at org.eclipse.egit.core.project.GitProjectData.remapAll(GitProjectData.java:647) [org.eclipse.egit.core_4.4.0.201606070830-r.jar:na]
	at org.eclipse.egit.core.project.GitProjectData.load(GitProjectData.java:630) [org.eclipse.egit.core_4.4.0.201606070830-r.jar:na]
	at org.eclipse.egit.core.project.GitProjectData.get(GitProjectData.java:218) [org.eclipse.egit.core_4.4.0.201606070830-r.jar:na]
	at org.eclipse.egit.core.project.RepositoryMapping.getProjectData(RepositoryMapping.java:356) [org.eclipse.egit.core_4.4.0.201606070830-r.jar:na]
	at org.eclipse.egit.core.project.RepositoryMapping.findMapping(RepositoryMapping.java:377) [org.eclipse.egit.core_4.4.0.201606070830-r.jar:na]
	at org.eclipse.egit.core.project.RepositoryMapping.getMapping(RepositoryMapping.java:317) [org.eclipse.egit.core_4.4.0.201606070830-r.jar:na]
	at org.eclipse.egit.core.internal.util.ResourceUtil.getRepository(ResourceUtil.java:702) [org.eclipse.egit.core_4.4.0.201606070830-r.jar:na]
	at org.eclipse.egit.ui.internal.resources.ResourceStateFactory.getIndexDiffDataOrNull(ResourceStateFactory.java:89) [org.eclipse.egit.ui_4.4.0.201606070830-r.jar:na]
	at org.eclipse.egit.ui.internal.decorators.GitLightweightDecorator.decorateResource(GitLightweightDecorator.java:224) [org.eclipse.egit.ui_4.4.0.201606070830-r.jar:na]
	at org.eclipse.egit.ui.internal.decorators.GitLightweightDecorator.decorate(GitLightweightDecorator.java:201) [org.eclipse.egit.ui_4.4.0.201606070830-r.jar:na]
	at org.eclipse.ui.internal.decorators.LightweightDecoratorDefinition.decorate(LightweightDecoratorDefinition.java:254) [org.eclipse.ui.workbench_3.108.0.v20160602-1232.jar:na]
	at org.eclipse.ui.internal.decorators.LightweightDecoratorManager$LightweightRunnable.run(LightweightDecoratorManager.java:83) [org.eclipse.ui.workbench_3.108.0.v20160602-1232.jar:na]
	at org.eclipse.core.runtime.SafeRunner.run(SafeRunner.java:42) [org.eclipse.equinox.common_3.8.0.v20160509-1230.jar:na]
	at org.eclipse.ui.internal.decorators.LightweightDecoratorManager.decorate(LightweightDecoratorManager.java:367) [org.eclipse.ui.workbench_3.108.0.v20160602-1232.jar:na]
	at org.eclipse.ui.internal.decorators.LightweightDecoratorManager.getDecorations(LightweightDecoratorManager.java:349) [org.eclipse.ui.workbench_3.108.0.v20160602-1232.jar:na]
	at org.eclipse.ui.internal.decorators.DecorationScheduler$1.ensureResultCached(DecorationScheduler.java:367) [org.eclipse.ui.workbench_3.108.0.v20160602-1232.jar:na]
	at org.eclipse.ui.internal.decorators.DecorationScheduler$1.run(DecorationScheduler.java:327) [org.eclipse.ui.workbench_3.108.0.v20160602-1232.jar:na]
	at org.eclipse.core.internal.jobs.Worker.run(Worker.java:55) [org.eclipse.core.jobs_3.8.0.v20160509-0411.jar:na]
Caused by: java.io.IOException: CreateProcess error=2, The system cannot find the file specified
	at java.lang.ProcessImpl.create(Native Method) ~[na:1.8.0_144]
	at java.lang.ProcessImpl.<init>(Unknown Source) ~[na:1.8.0_144]
	at java.lang.ProcessImpl.start(Unknown Source) ~[na:1.8.0_144]
	... 28 common frames omitted
2018-09-20 20:08:32,031 [Worker-0] INFO  c.g.t.t.d.PublishedGradleVersions - Gradle version information cache is up-to-date. Trying to read.
2018-09-20 20:08:34,184 [Worker-5] ERROR org.eclipse.jgit.util.FS - Caught exception in FS.readPipe()
java.io.IOException: Cannot run program "git": CreateProcess error=2, The system cannot find the file specified
	at java.lang.ProcessBuilder.start(Unknown Source) ~[na:1.8.0_144]
	at org.eclipse.jgit.util.FS.readPipe(FS.java:491) [org.eclipse.jgit_4.4.0.201606070830-r.jar:4.4.0.201606070830-r]
	at org.eclipse.jgit.util.FS.readPipe(FS.java:459) [org.eclipse.jgit_4.4.0.201606070830-r.jar:4.4.0.201606070830-r]
	at org.eclipse.jgit.util.FS.discoverGitSystemConfig(FS.java:592) [org.eclipse.jgit_4.4.0.201606070830-r.jar:4.4.0.201606070830-r]
	at org.eclipse.jgit.util.FS.getGitSystemConfig(FS.java:621) [org.eclipse.jgit_4.4.0.201606070830-r.jar:4.4.0.201606070830-r]
	at org.eclipse.jgit.util.SystemReader$Default.openSystemConfig(SystemReader.java:97) [org.eclipse.jgit_4.4.0.201606070830-r.jar:4.4.0.201606070830-r]
	at org.eclipse.jgit.internal.storage.file.FileRepository.<init>(FileRepository.java:176) [org.eclipse.jgit_4.4.0.201606070830-r.jar:4.4.0.201606070830-r]
	at org.eclipse.jgit.storage.file.FileRepositoryBuilder.build(FileRepositoryBuilder.java:92) [org.eclipse.jgit_4.4.0.201606070830-r.jar:4.4.0.201606070830-r]
	at org.eclipse.jgit.storage.file.FileRepositoryBuilder.create(FileRepositoryBuilder.java:111) [org.eclipse.jgit_4.4.0.201606070830-r.jar:4.4.0.201606070830-r]
	at org.eclipse.egit.core.RepositoryCache.lookupRepository(RepositoryCache.java:57) [org.eclipse.egit.core_4.4.0.201606070830-r.jar:na]
	at org.eclipse.egit.core.project.GitProjectData.map(GitProjectData.java:689) [org.eclipse.egit.core_4.4.0.201606070830-r.jar:na]
	at org.eclipse.egit.core.project.GitProjectData.remapAll(GitProjectData.java:647) [org.eclipse.egit.core_4.4.0.201606070830-r.jar:na]
	at org.eclipse.egit.core.project.GitProjectData.load(GitProjectData.java:630) [org.eclipse.egit.core_4.4.0.201606070830-r.jar:na]
	at org.eclipse.egit.core.project.GitProjectData.get(GitProjectData.java:218) [org.eclipse.egit.core_4.4.0.201606070830-r.jar:na]
	at org.eclipse.egit.core.project.RepositoryMapping.getProjectData(RepositoryMapping.java:356) [org.eclipse.egit.core_4.4.0.201606070830-r.jar:na]
	at org.eclipse.egit.core.project.RepositoryMapping.findMapping(RepositoryMapping.java:377) [org.eclipse.egit.core_4.4.0.201606070830-r.jar:na]
	at org.eclipse.egit.core.project.RepositoryMapping.getMapping(RepositoryMapping.java:317) [org.eclipse.egit.core_4.4.0.201606070830-r.jar:na]
	at org.eclipse.egit.core.internal.util.ResourceUtil.getRepository(ResourceUtil.java:702) [org.eclipse.egit.core_4.4.0.201606070830-r.jar:na]
	at org.eclipse.egit.ui.internal.resources.ResourceStateFactory.getIndexDiffDataOrNull(ResourceStateFactory.java:89) [org.eclipse.egit.ui_4.4.0.201606070830-r.jar:na]
	at org.eclipse.egit.ui.internal.decorators.GitLightweightDecorator.decorateResource(GitLightweightDecorator.java:224) [org.eclipse.egit.ui_4.4.0.201606070830-r.jar:na]
	at org.eclipse.egit.ui.internal.decorators.GitLightweightDecorator.decorate(GitLightweightDecorator.java:201) [org.eclipse.egit.ui_4.4.0.201606070830-r.jar:na]
	at org.eclipse.ui.internal.decorators.LightweightDecoratorDefinition.decorate(LightweightDecoratorDefinition.java:254) [org.eclipse.ui.workbench_3.108.0.v20160602-1232.jar:na]
	at org.eclipse.ui.internal.decorators.LightweightDecoratorManager$LightweightRunnable.run(LightweightDecoratorManager.java:83) [org.eclipse.ui.workbench_3.108.0.v20160602-1232.jar:na]
	at org.eclipse.core.runtime.SafeRunner.run(SafeRunner.java:42) [org.eclipse.equinox.common_3.8.0.v20160509-1230.jar:na]
	at org.eclipse.ui.internal.decorators.LightweightDecoratorManager.decorate(LightweightDecoratorManager.java:367) [org.eclipse.ui.workbench_3.108.0.v20160602-1232.jar:na]
	at org.eclipse.ui.internal.decorators.LightweightDecoratorManager.getDecorations(LightweightDecoratorManager.java:349) [org.eclipse.ui.workbench_3.108.0.v20160602-1232.jar:na]
	at org.eclipse.ui.internal.decorators.DecorationScheduler$1.ensureResultCached(DecorationScheduler.java:367) [org.eclipse.ui.workbench_3.108.0.v20160602-1232.jar:na]
	at org.eclipse.ui.internal.decorators.DecorationScheduler$1.run(DecorationScheduler.java:327) [org.eclipse.ui.workbench_3.108.0.v20160602-1232.jar:na]
	at org.eclipse.core.internal.jobs.Worker.run(Worker.java:55) [org.eclipse.core.jobs_3.8.0.v20160509-0411.jar:na]
Caused by: java.io.IOException: CreateProcess error=2, The system cannot find the file specified
	at java.lang.ProcessImpl.create(Native Method) ~[na:1.8.0_144]
	at java.lang.ProcessImpl.<init>(Unknown Source) ~[na:1.8.0_144]
	at java.lang.ProcessImpl.start(Unknown Source) ~[na:1.8.0_144]
	... 29 common frames omitted
2018-09-20 20:08:34,235 [Worker-5] ERROR org.eclipse.jgit.util.FS - Caught exception in FS.readPipe()
java.io.IOException: Cannot run program "git": CreateProcess error=2, The system cannot find the file specified
	at java.lang.ProcessBuilder.start(Unknown Source) ~[na:1.8.0_144]
	at org.eclipse.jgit.util.FS.readPipe(FS.java:491) [org.eclipse.jgit_4.4.0.201606070830-r.jar:4.4.0.201606070830-r]
	at org.eclipse.jgit.util.FS.discoverGitSystemConfig(FS.java:604) [org.eclipse.jgit_4.4.0.201606070830-r.jar:4.4.0.201606070830-r]
	at org.eclipse.jgit.util.FS.getGitSystemConfig(FS.java:621) [org.eclipse.jgit_4.4.0.201606070830-r.jar:4.4.0.201606070830-r]
	at org.eclipse.jgit.util.SystemReader$Default.openSystemConfig(SystemReader.java:97) [org.eclipse.jgit_4.4.0.201606070830-r.jar:4.4.0.201606070830-r]
	at org.eclipse.jgit.internal.storage.file.FileRepository.<init>(FileRepository.java:176) [org.eclipse.jgit_4.4.0.201606070830-r.jar:4.4.0.201606070830-r]
	at org.eclipse.jgit.storage.file.FileRepositoryBuilder.build(FileRepositoryBuilder.java:92) [org.eclipse.jgit_4.4.0.201606070830-r.jar:4.4.0.201606070830-r]
	at org.eclipse.jgit.storage.file.FileRepositoryBuilder.create(FileRepositoryBuilder.java:111) [org.eclipse.jgit_4.4.0.201606070830-r.jar:4.4.0.201606070830-r]
	at org.eclipse.egit.core.RepositoryCache.lookupRepository(RepositoryCache.java:57) [org.eclipse.egit.core_4.4.0.201606070830-r.jar:na]
	at org.eclipse.egit.core.project.GitProjectData.map(GitProjectData.java:689) [org.eclipse.egit.core_4.4.0.201606070830-r.jar:na]
	at org.eclipse.egit.core.project.GitProjectData.remapAll(GitProjectData.java:647) [org.eclipse.egit.core_4.4.0.201606070830-r.jar:na]
	at org.eclipse.egit.core.project.GitProjectData.load(GitProjectData.java:630) [org.eclipse.egit.core_4.4.0.201606070830-r.jar:na]
	at org.eclipse.egit.core.project.GitProjectData.get(GitProjectData.java:218) [org.eclipse.egit.core_4.4.0.201606070830-r.jar:na]
	at org.eclipse.egit.core.project.RepositoryMapping.getProjectData(RepositoryMapping.java:356) [org.eclipse.egit.core_4.4.0.201606070830-r.jar:na]
	at org.eclipse.egit.core.project.RepositoryMapping.findMapping(RepositoryMapping.java:377) [org.eclipse.egit.core_4.4.0.201606070830-r.jar:na]
	at org.eclipse.egit.core.project.RepositoryMapping.getMapping(RepositoryMapping.java:317) [org.eclipse.egit.core_4.4.0.201606070830-r.jar:na]
	at org.eclipse.egit.core.internal.util.ResourceUtil.getRepository(ResourceUtil.java:702) [org.eclipse.egit.core_4.4.0.201606070830-r.jar:na]
	at org.eclipse.egit.ui.internal.resources.ResourceStateFactory.getIndexDiffDataOrNull(ResourceStateFactory.java:89) [org.eclipse.egit.ui_4.4.0.201606070830-r.jar:na]
	at org.eclipse.egit.ui.internal.decorators.GitLightweightDecorator.decorateResource(GitLightweightDecorator.java:224) [org.eclipse.egit.ui_4.4.0.201606070830-r.jar:na]
	at org.eclipse.egit.ui.internal.decorators.GitLightweightDecorator.decorate(GitLightweightDecorator.java:201) [org.eclipse.egit.ui_4.4.0.201606070830-r.jar:na]
	at org.eclipse.ui.internal.decorators.LightweightDecoratorDefinition.decorate(LightweightDecoratorDefinition.java:254) [org.eclipse.ui.workbench_3.108.0.v20160602-1232.jar:na]
	at org.eclipse.ui.internal.decorators.LightweightDecoratorManager$LightweightRunnable.run(LightweightDecoratorManager.java:83) [org.eclipse.ui.workbench_3.108.0.v20160602-1232.jar:na]
	at org.eclipse.core.runtime.SafeRunner.run(SafeRunner.java:42) [org.eclipse.equinox.common_3.8.0.v20160509-1230.jar:na]
	at org.eclipse.ui.internal.decorators.LightweightDecoratorManager.decorate(LightweightDecoratorManager.java:367) [org.eclipse.ui.workbench_3.108.0.v20160602-1232.jar:na]
	at org.eclipse.ui.internal.decorators.LightweightDecoratorManager.getDecorations(LightweightDecoratorManager.java:349) [org.eclipse.ui.workbench_3.108.0.v20160602-1232.jar:na]
	at org.eclipse.ui.internal.decorators.DecorationScheduler$1.ensureResultCached(DecorationScheduler.java:367) [org.eclipse.ui.workbench_3.108.0.v20160602-1232.jar:na]
	at org.eclipse.ui.internal.decorators.DecorationScheduler$1.run(DecorationScheduler.java:327) [org.eclipse.ui.workbench_3.108.0.v20160602-1232.jar:na]
	at org.eclipse.core.internal.jobs.Worker.run(Worker.java:55) [org.eclipse.core.jobs_3.8.0.v20160509-0411.jar:na]
Caused by: java.io.IOException: CreateProcess error=2, The system cannot find the file specified
	at java.lang.ProcessImpl.create(Native Method) ~[na:1.8.0_144]
	at java.lang.ProcessImpl.<init>(Unknown Source) ~[na:1.8.0_144]
	at java.lang.ProcessImpl.start(Unknown Source) ~[na:1.8.0_144]
	... 28 common frames omitted
2018-09-20 23:29:02,130 [Worker-1] INFO  c.g.t.t.d.PublishedGradleVersions - Gradle version information cache is up-to-date. Trying to read.
2018-09-20 23:29:03,565 [Worker-3] ERROR org.eclipse.jgit.util.FS - Caught exception in FS.readPipe()
java.io.IOException: Cannot run program "git": CreateProcess error=2, The system cannot find the file specified
	at java.lang.ProcessBuilder.start(Unknown Source) ~[na:1.8.0_144]
	at org.eclipse.jgit.util.FS.readPipe(FS.java:491) [org.eclipse.jgit_4.4.0.201606070830-r.jar:4.4.0.201606070830-r]
	at org.eclipse.jgit.util.FS.readPipe(FS.java:459) [org.eclipse.jgit_4.4.0.201606070830-r.jar:4.4.0.201606070830-r]
	at org.eclipse.jgit.util.FS.discoverGitSystemConfig(FS.java:592) [org.eclipse.jgit_4.4.0.201606070830-r.jar:4.4.0.201606070830-r]
	at org.eclipse.jgit.util.FS.getGitSystemConfig(FS.java:621) [org.eclipse.jgit_4.4.0.201606070830-r.jar:4.4.0.201606070830-r]
	at org.eclipse.jgit.util.SystemReader$Default.openSystemConfig(SystemReader.java:97) [org.eclipse.jgit_4.4.0.201606070830-r.jar:4.4.0.201606070830-r]
	at org.eclipse.jgit.internal.storage.file.FileRepository.<init>(FileRepository.java:176) [org.eclipse.jgit_4.4.0.201606070830-r.jar:4.4.0.201606070830-r]
	at org.eclipse.jgit.storage.file.FileRepositoryBuilder.build(FileRepositoryBuilder.java:92) [org.eclipse.jgit_4.4.0.201606070830-r.jar:4.4.0.201606070830-r]
	at org.eclipse.jgit.storage.file.FileRepositoryBuilder.create(FileRepositoryBuilder.java:111) [org.eclipse.jgit_4.4.0.201606070830-r.jar:4.4.0.201606070830-r]
	at org.eclipse.egit.core.RepositoryCache.lookupRepository(RepositoryCache.java:57) [org.eclipse.egit.core_4.4.0.201606070830-r.jar:na]
	at org.eclipse.egit.core.project.GitProjectData.map(GitProjectData.java:689) [org.eclipse.egit.core_4.4.0.201606070830-r.jar:na]
	at org.eclipse.egit.core.project.GitProjectData.remapAll(GitProjectData.java:647) [org.eclipse.egit.core_4.4.0.201606070830-r.jar:na]
	at org.eclipse.egit.core.project.GitProjectData.load(GitProjectData.java:630) [org.eclipse.egit.core_4.4.0.201606070830-r.jar:na]
	at org.eclipse.egit.core.project.GitProjectData.get(GitProjectData.java:218) [org.eclipse.egit.core_4.4.0.201606070830-r.jar:na]
	at org.eclipse.egit.core.project.RepositoryMapping.getProjectData(RepositoryMapping.java:356) [org.eclipse.egit.core_4.4.0.201606070830-r.jar:na]
	at org.eclipse.egit.core.project.RepositoryMapping.findMapping(RepositoryMapping.java:377) [org.eclipse.egit.core_4.4.0.201606070830-r.jar:na]
	at org.eclipse.egit.core.project.RepositoryMapping.getMapping(RepositoryMapping.java:317) [org.eclipse.egit.core_4.4.0.201606070830-r.jar:na]
	at org.eclipse.egit.core.internal.util.ResourceUtil.getRepository(ResourceUtil.java:702) [org.eclipse.egit.core_4.4.0.201606070830-r.jar:na]
	at org.eclipse.egit.ui.internal.resources.ResourceStateFactory.getIndexDiffDataOrNull(ResourceStateFactory.java:89) [org.eclipse.egit.ui_4.4.0.201606070830-r.jar:na]
	at org.eclipse.egit.ui.internal.decorators.GitLightweightDecorator.decorateResource(GitLightweightDecorator.java:224) [org.eclipse.egit.ui_4.4.0.201606070830-r.jar:na]
	at org.eclipse.egit.ui.internal.decorators.GitLightweightDecorator.decorate(GitLightweightDecorator.java:201) [org.eclipse.egit.ui_4.4.0.201606070830-r.jar:na]
	at org.eclipse.ui.internal.decorators.LightweightDecoratorDefinition.decorate(LightweightDecoratorDefinition.java:254) [org.eclipse.ui.workbench_3.108.0.v20160602-1232.jar:na]
	at org.eclipse.ui.internal.decorators.LightweightDecoratorManager$LightweightRunnable.run(LightweightDecoratorManager.java:83) [org.eclipse.ui.workbench_3.108.0.v20160602-1232.jar:na]
	at org.eclipse.core.runtime.SafeRunner.run(SafeRunner.java:42) [org.eclipse.equinox.common_3.8.0.v20160509-1230.jar:na]
	at org.eclipse.ui.internal.decorators.LightweightDecoratorManager.decorate(LightweightDecoratorManager.java:367) [org.eclipse.ui.workbench_3.108.0.v20160602-1232.jar:na]
	at org.eclipse.ui.internal.decorators.LightweightDecoratorManager.getDecorations(LightweightDecoratorManager.java:349) [org.eclipse.ui.workbench_3.108.0.v20160602-1232.jar:na]
	at org.eclipse.ui.internal.decorators.DecorationScheduler$1.ensureResultCached(DecorationScheduler.java:367) [org.eclipse.ui.workbench_3.108.0.v20160602-1232.jar:na]
	at org.eclipse.ui.internal.decorators.DecorationScheduler$1.run(DecorationScheduler.java:327) [org.eclipse.ui.workbench_3.108.0.v20160602-1232.jar:na]
	at org.eclipse.core.internal.jobs.Worker.run(Worker.java:55) [org.eclipse.core.jobs_3.8.0.v20160509-0411.jar:na]
Caused by: java.io.IOException: CreateProcess error=2, The system cannot find the file specified
	at java.lang.ProcessImpl.create(Native Method) ~[na:1.8.0_144]
	at java.lang.ProcessImpl.<init>(Unknown Source) ~[na:1.8.0_144]
	at java.lang.ProcessImpl.start(Unknown Source) ~[na:1.8.0_144]
	... 29 common frames omitted
2018-09-20 23:29:03,590 [Worker-3] ERROR org.eclipse.jgit.util.FS - Caught exception in FS.readPipe()
java.io.IOException: Cannot run program "git": CreateProcess error=2, The system cannot find the file specified
	at java.lang.ProcessBuilder.start(Unknown Source) ~[na:1.8.0_144]
	at org.eclipse.jgit.util.FS.readPipe(FS.java:491) [org.eclipse.jgit_4.4.0.201606070830-r.jar:4.4.0.201606070830-r]
	at org.eclipse.jgit.util.FS.discoverGitSystemConfig(FS.java:604) [org.eclipse.jgit_4.4.0.201606070830-r.jar:4.4.0.201606070830-r]
	at org.eclipse.jgit.util.FS.getGitSystemConfig(FS.java:621) [org.eclipse.jgit_4.4.0.201606070830-r.jar:4.4.0.201606070830-r]
	at org.eclipse.jgit.util.SystemReader$Default.openSystemConfig(SystemReader.java:97) [org.eclipse.jgit_4.4.0.201606070830-r.jar:4.4.0.201606070830-r]
	at org.eclipse.jgit.internal.storage.file.FileRepository.<init>(FileRepository.java:176) [org.eclipse.jgit_4.4.0.201606070830-r.jar:4.4.0.201606070830-r]
	at org.eclipse.jgit.storage.file.FileRepositoryBuilder.build(FileRepositoryBuilder.java:92) [org.eclipse.jgit_4.4.0.201606070830-r.jar:4.4.0.201606070830-r]
	at org.eclipse.jgit.storage.file.FileRepositoryBuilder.create(FileRepositoryBuilder.java:111) [org.eclipse.jgit_4.4.0.201606070830-r.jar:4.4.0.201606070830-r]
	at org.eclipse.egit.core.RepositoryCache.lookupRepository(RepositoryCache.java:57) [org.eclipse.egit.core_4.4.0.201606070830-r.jar:na]
	at org.eclipse.egit.core.project.GitProjectData.map(GitProjectData.java:689) [org.eclipse.egit.core_4.4.0.201606070830-r.jar:na]
	at org.eclipse.egit.core.project.GitProjectData.remapAll(GitProjectData.java:647) [org.eclipse.egit.core_4.4.0.201606070830-r.jar:na]
	at org.eclipse.egit.core.project.GitProjectData.load(GitProjectData.java:630) [org.eclipse.egit.core_4.4.0.201606070830-r.jar:na]
	at org.eclipse.egit.core.project.GitProjectData.get(GitProjectData.java:218) [org.eclipse.egit.core_4.4.0.201606070830-r.jar:na]
	at org.eclipse.egit.core.project.RepositoryMapping.getProjectData(RepositoryMapping.java:356) [org.eclipse.egit.core_4.4.0.201606070830-r.jar:na]
	at org.eclipse.egit.core.project.RepositoryMapping.findMapping(RepositoryMapping.java:377) [org.eclipse.egit.core_4.4.0.201606070830-r.jar:na]
	at org.eclipse.egit.core.project.RepositoryMapping.getMapping(RepositoryMapping.java:317) [org.eclipse.egit.core_4.4.0.201606070830-r.jar:na]
	at org.eclipse.egit.core.internal.util.ResourceUtil.getRepository(ResourceUtil.java:702) [org.eclipse.egit.core_4.4.0.201606070830-r.jar:na]
	at org.eclipse.egit.ui.internal.resources.ResourceStateFactory.getIndexDiffDataOrNull(ResourceStateFactory.java:89) [org.eclipse.egit.ui_4.4.0.201606070830-r.jar:na]
	at org.eclipse.egit.ui.internal.decorators.GitLightweightDecorator.decorateResource(GitLightweightDecorator.java:224) [org.eclipse.egit.ui_4.4.0.201606070830-r.jar:na]
	at org.eclipse.egit.ui.internal.decorators.GitLightweightDecorator.decorate(GitLightweightDecorator.java:201) [org.eclipse.egit.ui_4.4.0.201606070830-r.jar:na]
	at org.eclipse.ui.internal.decorators.LightweightDecoratorDefinition.decorate(LightweightDecoratorDefinition.java:254) [org.eclipse.ui.workbench_3.108.0.v20160602-1232.jar:na]
	at org.eclipse.ui.internal.decorators.LightweightDecoratorManager$LightweightRunnable.run(LightweightDecoratorManager.java:83) [org.eclipse.ui.workbench_3.108.0.v20160602-1232.jar:na]
	at org.eclipse.core.runtime.SafeRunner.run(SafeRunner.java:42) [org.eclipse.equinox.common_3.8.0.v20160509-1230.jar:na]
	at org.eclipse.ui.internal.decorators.LightweightDecoratorManager.decorate(LightweightDecoratorManager.java:367) [org.eclipse.ui.workbench_3.108.0.v20160602-1232.jar:na]
	at org.eclipse.ui.internal.decorators.LightweightDecoratorManager.getDecorations(LightweightDecoratorManager.java:349) [org.eclipse.ui.workbench_3.108.0.v20160602-1232.jar:na]
	at org.eclipse.ui.internal.decorators.DecorationScheduler$1.ensureResultCached(DecorationScheduler.java:367) [org.eclipse.ui.workbench_3.108.0.v20160602-1232.jar:na]
	at org.eclipse.ui.internal.decorators.DecorationScheduler$1.run(DecorationScheduler.java:327) [org.eclipse.ui.workbench_3.108.0.v20160602-1232.jar:na]
	at org.eclipse.core.internal.jobs.Worker.run(Worker.java:55) [org.eclipse.core.jobs_3.8.0.v20160509-0411.jar:na]
Caused by: java.io.IOException: CreateProcess error=2, The system cannot find the file specified
	at java.lang.ProcessImpl.create(Native Method) ~[na:1.8.0_144]
	at java.lang.ProcessImpl.<init>(Unknown Source) ~[na:1.8.0_144]
	at java.lang.ProcessImpl.start(Unknown Source) ~[na:1.8.0_144]
	... 28 common frames omitted
